c:\users\andrej\documents\visual studio 2013\projects\game\game\debug\vc120.pdb
c:\users\andrej\documents\visual studio 2013\projects\game\game\debug\vc120.idb
c:\users\andrej\documents\visual studio 2013\projects\game\game\debug\cleanmemory.obj
c:\users\andrej\documents\visual studio 2013\projects\game\game\debug\event.obj
c:\users\andrej\documents\visual studio 2013\projects\game\game\debug\globals.obj
c:\users\andrej\documents\visual studio 2013\projects\game\game\debug\main.obj
c:\users\andrej\documents\visual studio 2013\projects\game\game\debug\menu.obj
c:\users\andrej\documents\visual studio 2013\projects\game\game\debug\optimizefunc.obj
c:\users\andrej\documents\visual studio 2013\projects\game\game\debug\cgame.obj
c:\users\andrej\documents\visual studio 2013\projects\game\game\debug\cobstacle.obj
c:\users\andrej\documents\visual studio 2013\projects\game\game\debug\cplayer.obj
c:\users\andrej\documents\visual studio 2013\projects\game\debug\game2.ilk
c:\users\andrej\documents\visual studio 2013\projects\game\debug\game2.exe
c:\users\andrej\documents\visual studio 2013\projects\game\debug\game2.pdb
c:\users\andrej\documents\visual studio 2013\projects\game\game\debug\cobject.obj
c:\users\andrej\documents\visual studio 2013\projects\game\game\debug\screen.obj
c:\users\andrej\documents\visual studio 2013\projects\game\game\debug\timer.obj
c:\users\andrej\documents\visual studio 2013\projects\game\game\debug\game2.tlog\cl.command.1.tlog
c:\users\andrej\documents\visual studio 2013\projects\game\game\debug\game2.tlog\cl.read.1.tlog
c:\users\andrej\documents\visual studio 2013\projects\game\game\debug\game2.tlog\cl.write.1.tlog
c:\users\andrej\documents\visual studio 2013\projects\game\game\debug\game2.tlog\link.command.1.tlog
c:\users\andrej\documents\visual studio 2013\projects\game\game\debug\game2.tlog\link.read.1.tlog
c:\users\andrej\documents\visual studio 2013\projects\game\game\debug\game2.tlog\link.write.1.tlog
