Build started 2015-09-03 01:33:35.
     1>Project "C:\Users\Andrej\documents\visual studio 2013\Projects\Game\Game\Game.vcxproj" on node 2 (Build target(s)).
     1>C:\Program Files (x86)\MSBuild\Microsoft.Cpp\v4.0\V120\Microsoft.CppBuild.targets(381,5): warning MSB8028: The intermediate directory (Debug\) contains files shared from another project (Game.vcxproj).  This can lead to incorrect clean and rebuild behavior.
     1>ClCompile:
         C:\Program Files (x86)\Microsoft Visual Studio 12.0\VC\bin\CL.exe /c /I"C:\Program Files (x86)\Common Files\MSVC\SDL2_image-2.0.0\include" /I"C:\Program Files (x86)\Common Files\MSVC\SDL2-devel-2.0.3-VC\SDL2-2.0.3\include" /I"C:\Program Files (x86)\Common Files\MSVC\SDL2_ttf-2.0.12\include" /ZI /nologo /W3 /WX- /Od /Oy- /D WIN32 /D _DEBUG /D _CONSOLE /D _LIB /D _UNICODE /D UNICODE /Gm /EHsc /RTC1 /MDd /GS /fp:precise /Zc:wchar_t /Zc:forScope /Fo"Debug\\" /Fd"Debug\vc120.pdb" /Gd /TP /analyze- /errorReport:prompt CGame.cpp
         CGame.cpp
     1>c:\users\andrej\documents\visual studio 2013\projects\game\game\cgame.cpp(8): warning C4101: 'Background_tex' : unreferenced local variable
     1>c:\users\andrej\documents\visual studio 2013\projects\game\game\cgame.cpp(9): warning C4101: 'TextSurface' : unreferenced local variable
     1>c:\users\andrej\documents\visual studio 2013\projects\game\game\cgame.cpp(11): warning C4101: 'font' : unreferenced local variable
     1>c:\users\andrej\documents\visual studio 2013\projects\game\game\cgame.cpp(10): warning C4101: 'Display' : unreferenced local variable
     1>c:\users\andrej\documents\visual studio 2013\projects\game\game\cgame.cpp(91): warning C4715: 'CGame::detection' : not all control paths return a value
       Link:
         C:\Program Files (x86)\Microsoft Visual Studio 12.0\VC\bin\link.exe /ERRORREPORT:PROMPT /OUT:"C:\Users\Andrej\documents\visual studio 2013\Projects\Game\Debug\GAME2.exe" /INCREMENTAL /NOLOGO /LIBPATH:"C:\Program Files (x86)\Common Files\MSVC\SDL2_ttf-2.0.12\lib\x86" /LIBPATH:"C:\Program Files (x86)\Common Files\MSVC\SDL2-devel-2.0.3-VC\SDL2-2.0.3\lib\x86" /LIBPATH:"C:\Program Files (x86)\Common Files\MSVC\SDL2_image-2.0.0\lib\x86" SDL2_ttf.lib SDL2.lib SDL2main.lib SDL2_image.lib kernel32.lib user32.lib gdi32.lib winspool.lib comdlg32.lib advapi32.lib shell32.lib ole32.lib oleaut32.lib uuid.lib odbc32.lib odbccp32.lib /MANIFEST /MANIFESTUAC:"level='asInvoker' uiAccess='false'" /manifest:embed /DEBUG /PDB:"C:\Users\Andrej\documents\visual studio 2013\Projects\Game\Debug\GAME2.pdb" /SUBSYSTEM:CONSOLE /TLBID:1 /DYNAMICBASE /NXCOMPAT /IMPLIB:"C:\Users\Andrej\documents\visual studio 2013\Projects\Game\Debug\GAME2.lib" /MACHINE:X86 Debug\cleanmemory.obj
         Debug\CObstacle.obj
         Debug\CPlayer.obj
         Debug\event.obj
         Debug\CGame.obj
         Debug\globals.obj
         Debug\main.obj
         Debug\optimizefunc.obj
         Game.vcxproj -> C:\Users\Andrej\documents\visual studio 2013\Projects\Game\Debug\GAME2.exe
     1>Done Building Project "C:\Users\Andrej\documents\visual studio 2013\Projects\Game\Game\Game.vcxproj" (Build target(s)).

Build succeeded.

Time Elapsed 00:00:03.67
